Semantic Error--line: 19, symbol x: redeclared.
Semantic Error--line: 19, main() method already declared.
Semantic Error--line: 19, symbol x: redeclared.
Semantic Error--line: 19, symbol println: is an undeclared field name.
********************************Symbol Table************************************

          Name Nest-Level  Tree-Node Predefined        Kind       Type      Value  Offset Dimension   Argnum

  1     system          0                   yes      class                                                       
  2    println          1                   yes  procedure                                                      1
  3         c1          0                            class                                                       
  4          x          1                                                                                        
  5       main          1                                                                                        
  6          x          2                                                                                        
************* SYNTAX TREE PRINTOUT ***********

  +-[IDNode,0,"ex1"]
R-[ProgramOp]
  |   +-[STNode,3,"c1"]
  | +-[ClassDefOp]
  | | |                 +-[DUMMYnode]
  | | |               +-[CommaOp]
  | | |               | +-[STRINGNode,29,"x>=0"]
  | | |             +-[RoutineCallOp]
  | | |             | |   +-[DUMMYnode]
  | | |             | | +-[SelectOp]
  | | |             | | | | +-[DUMMYnode]
  | | |             | | | +-[FieldOp]
  | | |             | | |   +-[IDNode,21,"println"]
  | | |             | +-[VarOp]
  | | |             |   +-[STNode,1,"system"]
  | | |           +-[StmtOp]
  | | |           | +-[DUMMYnode]
  | | |         +-[CommaOp]
  | | |         | | +-[NUMNode,0]
  | | |         | +-[GEOp]
  | | |         |   | +-[DUMMYnode]
  | | |         |   +-[VarOp]
  | | |         |     +-[STNode,6,"x"]
  | | |       +-[IfElseOp]
  | | |       | +-[DUMMYnode]
  | | |     +-[StmtOp]
  | | |     | +-[DUMMYnode]
  | | |   +-[BodyOp]
  | | |   | |       +-[NUMNode,4]
  | | |   | |     +-[CommaOp]
  | | |   | |     | | +-[DUMMYnode]
  | | |   | |     | +-[TypeIdOp]
  | | |   | |     |   +-[INTEGERTNode]
  | | |   | |   +-[CommaOp]
  | | |   | |   | +-[IDNode,0,"err"]
  | | |   | | +-[DeclOp]
  | | |   | | | +-[DUMMYnode]
  | | |   | +-[BodyOp]
  | | |   |   +-[DUMMYnode]
  | | | +-[MethodOp]
  | | | | |   +-[DUMMYnode]
  | | | | | +-[SpecOp]
  | | | | | | +-[DUMMYnode]
  | | | | +-[HeadOp]
  | | | |   +-[IDNode,-1,"err"]
  | | +-[BodyOp]
  | |   |         +-[DUMMYnode]
  | |   |       +-[UnaryNegOp]
  | |   |       | +-[NUMNode,1]
  | |   |     +-[CommaOp]
  | |   |     | | +-[DUMMYnode]
  | |   |     | +-[TypeIdOp]
  | |   |     |   +-[INTEGERTNode]
  | |   |   +-[CommaOp]
  | |   |   | +-[IDNode,0,"err"]
  | |   | +-[DeclOp]
  | |   | | +-[DUMMYnode]
  | |   +-[BodyOp]
  | |     +-[DUMMYnode]
  +-[ClassOp]
    +-[DUMMYnode]
